🤖 AI Gas 社交媒体自动化 - Wed Apr 15 07:51:45 AM CST 2026
==================================
📝 选择文章: 2026年AI工具终极对比
🔗 文章链接: https://eth3p.github.io/ai-gas-website/posts/ai-tools-comparison-2026/

📱 生成的社交媒体内容:
========================

🐦 **Twitter/X 内容**:
-------------------
🚀 刚更新: 2026年AI工具终极对比

详细内容: https://eth3p.github.io/ai-gas-website/posts/ai-tools-comparison-2026/

#AI #人工智能 #技术分享 #2026年AI工具终极对比


👥 **Reddit 内容** (适合 r/artificial):
-----------------------------------
**标题**: [资源分享] 2026年AI工具终极对比

**内容**:
刚刚更新了这篇关于2026年AI工具终极对比的文章，包含详细的分析和实用建议：

🔗 https://eth3p.github.io/ai-gas-website/posts/ai-tools-comparison-2026/

如果你也在探索AI应用，可能会有所帮助。欢迎分享你的经验和看法！

---
*声明: 这是我个人整理的内容，完全免费访问。*


💼 **LinkedIn 内容**:
-------------------
**标题**: 专业分享: 2026年AI工具终极对比

**内容**:
最近整理了关于2026年AI工具终极对比的详细指南，包含实用的分析和建议：

🔗 https://eth3p.github.io/ai-gas-website/posts/ai-tools-comparison-2026/

文章涵盖了当前的技术趋势、工具对比和应用建议。如果你在工作中使用AI工具，可能会找到有价值的信息。

欢迎分享你的经验和见解！

#AI #人工智能 #职业发展 #技术分享


💬 **Discord/Telegram 内容**:
--------------------------
【资源分享】2026年AI工具终极对比

刚更新了这篇AI工具指南：
🔗 https://eth3p.github.io/ai-gas-website/posts/ai-tools-comparison-2026/

内容实用，适合所有对AI感兴趣的朋友！


🎯 自动化发布建议:
==================
1. 手动复制内容到各平台
2. 或配置API自动发布
3. 保持一致的发布频率
4. 参与社区互动

📊 发布计划建议:
----------------
🕐 今日发布: 2026年AI工具终极对比
🕑 明天发布: 另一篇随机文章
🕒 每周发布: 3-5篇不同文章
🕓 最佳时间: 工作日 8-9AM, 12-1PM, 5-6PM

⚙️ API自动发布配置 (如果需要):
------------------------------
1. Twitter/X API: 需要开发者账号
2. LinkedIn API: 需要商业页面
3. Reddit API: 需要应用注册
4. Discord/Telegram: 需要Bot创建

✅ 社交媒体内容生成完成!
📁 日志文件: /root/ai-gas-website/automation/logs/social_20260415_0751.log
