📊 AI Gas 每周分析报告 - Mon Apr 13 09:00:01 AM CST 2026
====================================
🌐 网站数据统计:
----------------
文章总数: 15 篇
最近更新: Apr 13 08:00

📝 Git状态检查:
----------------
 M automation/logs/monitor_20260413_0300.log
?? automation/generated_articles.json
?? automation/logs/daily_20260413.log
?? automation/logs/monitor_20260413_0400.log
?? automation/logs/monitor_20260413_0500.log
?? automation/logs/monitor_20260413_0600.log
?? automation/logs/monitor_20260413_0700.log
?? automation/logs/monitor_20260413_0800.log
?? automation/logs/monitor_20260413_0900.log
?? automation/logs/weekly_20260413.log
?? "content/posts/2026-04-13-ai\350\247\206\351\242\221\347\224\237\346\210\220\345\267\245\345\205\267\345\257\271\346\257\224.md"

⚙️ 系统状态检查:
----------------
CPU使用率: 0.0%
内存使用: 752Mi/1.9Gi
磁盘空间: 28G 可用

📈 本周总结:
----------------
✅ 网站正常运行
✅ 自动化系统工作正常
✅ 内容持续更新中
📊 总文章数: 15 篇
📅 下次更新: 明天 08:00
